<?xml version='1.0' encoding='utf-8'?>
<testsuites name="cocotb tests"><testsuite name="test_fixed" errors="0" failures="0" skipped="0" tests="1" time="0.030" timestamp="2026-09-06T04:32:16.965814+00:00" hostname="Juans-MacBook-Air-3.local"><testcase classname="test_fixed" name="verify_fixed_matvec" time="0.030"><properties><property name="cocotb" value="True" /><property name="random_seed" value="1788669136" /><property name="file" value="/Users/juanfreydell/Desktop/DNHacks 2026/fpga-specialization/tests/test_fixed.py" /><property name="line" value="8" /><property name="sim_time_unit" value="ns" /><property name="sim_time_start" value="0.0" /><property name="sim_time_stop" value="9286.0" /><property name="sim_time_duration" value="9286.0" /><property name="sim_time_ratio" value="310131.19392359734" /><property name="attachment" value="/Users/juanfreydell/Desktop/DNHacks 2026/fpga-specialization/fixed_matvec.fst" /></properties><system-out>[[ATTACHMENT|/Users/juanfreydell/Desktop/DNHacks 2026/fpga-specialization/fixed_matvec.fst]]
</system-out></testcase></testsuite></testsuites>