<?xml version='1.0' encoding='utf-8'?>
<testsuites name="cocotb tests"><testsuite name="test_f2_wrapper" errors="0" failures="0" skipped="0" tests="1" time="0.048" timestamp="2026-09-06T04:32:14.710667+00:00" hostname="Juans-MacBook-Air-3.local"><testcase classname="test_f2_wrapper" name="verify_f2_register_wrapper" time="0.048"><properties><property name="cocotb" value="True" /><property name="random_seed" value="1788669134" /><property name="file" value="/Users/juanfreydell/Desktop/DNHacks 2026/fpga-specialization/tests/test_f2_wrapper.py" /><property name="line" value="54" /><property name="sim_time_unit" value="ns" /><property name="sim_time_start" value="0.0" /><property name="sim_time_stop" value="9888.0" /><property name="sim_time_duration" value="9888.0" /><property name="sim_time_ratio" value="207147.03789084585" /></properties></testcase></testsuite></testsuites>