<?xml version='1.0' encoding='utf-8'?>
<testsuites name="cocotb tests"><testsuite name="test_generic" errors="0" failures="0" skipped="0" tests="1" time="0.189" timestamp="2026-09-06T04:32:16.545151+00:00" hostname="Juans-MacBook-Air-3.local"><testcase classname="test_generic" name="verify_generic_matvec" time="0.189"><properties><property name="cocotb" value="True" /><property name="random_seed" value="1788669136" /><property name="file" value="/Users/juanfreydell/Desktop/DNHacks 2026/fpga-specialization/tests/test_generic.py" /><property name="line" value="8" /><property name="sim_time_unit" value="ns" /><property name="sim_time_start" value="0.0" /><property name="sim_time_stop" value="30086.0" /><property name="sim_time_duration" value="30086.0" /><property name="sim_time_ratio" value="159014.35665199335" /><property name="attachment" value="/Users/juanfreydell/Desktop/DNHacks 2026/fpga-specialization/generic_matvec.fst" /></properties><system-out>[[ATTACHMENT|/Users/juanfreydell/Desktop/DNHacks 2026/fpga-specialization/generic_matvec.fst]]
</system-out></testcase></testsuite></testsuites>