<?xml version='1.0' encoding='utf-8'?>
<testsuites name="cocotb tests"><testsuite name="test_fixed" errors="0" failures="0" skipped="0" tests="1" time="0.101" timestamp="2026-09-06T04:32:15.831173+00:00" hostname="Juans-MacBook-Air-3.local"><testcase classname="test_fixed" name="verify_fixed_moe_expert" time="0.101"><properties><property name="cocotb" value="True" /><property name="random_seed" value="1788669135" /><property name="file" value="/Users/juanfreydell/Desktop/DNHacks 2026/fpga-specialization/inference_core/tests/test_fixed.py" /><property name="line" value="6" /><property name="sim_time_unit" value="ns" /><property name="sim_time_start" value="0.0" /><property name="sim_time_stop" value="18756.0" /><property name="sim_time_duration" value="18756.0" /><property name="sim_time_ratio" value="185659.31278959813" /></properties></testcase></testsuite></testsuites>