<?xml version='1.0' encoding='utf-8'?>
<testsuites name="cocotb tests"><testsuite name="test_generic" errors="0" failures="0" skipped="0" tests="1" time="0.119" timestamp="2026-09-06T04:43:43.735076+00:00" hostname="Juans-MacBook-Air-3.local"><testcase classname="test_generic" name="verify_generic_sram_moe_expert" time="0.119"><properties><property name="cocotb" value="True" /><property name="random_seed" value="1788669823" /><property name="file" value="/Users/juanfreydell/Desktop/DNHacks 2026/fpga-specialization/inference_core/tests/test_generic.py" /><property name="line" value="6" /><property name="sim_time_unit" value="ns" /><property name="sim_time_start" value="0.0" /><property name="sim_time_stop" value="38806.0" /><property name="sim_time_duration" value="38806.0" /><property name="sim_time_ratio" value="326725.231475116" /></properties></testcase></testsuite></testsuites>